#
# A fatal error has been detected by the Java Runtime Environment:
#
#  Internal Error (javaClasses.cpp:129), pid=6904, tid=7520
#  fatal error: Invalid layout of preloaded class
#
# JRE version: 7.0_17-b02
# Java VM: Java HotSpot(TM) 64-Bit Server VM (23.7-b01 mixed mode windows-amd64 compressed oops)
# Failed to write core dump. Minidumps are not enabled by default on client versions of Windows
#
# If you would like to submit a bug report, please visit:
#   http://bugreport.sun.com/bugreport/crash.jsp
#

---------------  T H R E A D  ---------------

Current thread (0x000000000201e000):  JavaThread "Unknown thread" [_thread_in_vm, id=7520, stack(0x0000000001ef0000,0x0000000001ff0000)]

Stack: [0x0000000001ef0000,0x0000000001ff0000]

---------------  P R O C E S S  ---------------

Java Threads: ( => current thread )

Other Threads:

=>0x000000000201e000 (exited) JavaThread "Unknown thread" [_thread_in_vm, id=7520, stack(0x0000000001ef0000,0x0000000001ff0000)]

VM state:not at safepoint (not fully initialized)

VM Mutex/Monitor currently owned by a thread: None

GC Heap History (0 events):
No events

Deoptimization events (0 events):
No events

Internal exceptions (0 events):
No events

Events (10 events):
Event: 0.731 loading class 0x0000000002032b30 done
Event: 0.731 loading class 0x0000000002032da0 done
Event: 0.731 loading class 0x00000000020329e0
Event: 0.731 loading class 0x0000000002071730
Event: 0.743 loading class 0x0000000002071730 done
Event: 0.743 loading class 0x0000000002070cf0
Event: 0.744 loading class 0x0000000002070cf0 done
Event: 0.744 loading class 0x00000000082ae890
Event: 0.744 loading class 0x00000000082ae890 done
Event: 0.744 loading class 0x00000000020329e0 done


Dynamic libraries:
0x00007ff7eacc0000 - 0x00007ff7eacf3000 	C:\Program Files\Java\jre7\bin\javaw.exe
0x00007ffc11b70000 - 0x00007ffc11d19000 	C:\WINDOWS\SYSTEM32\ntdll.dll
0x00007ffc10f40000 - 0x00007ffc11079000 	C:\WINDOWS\system32\KERNEL32.DLL
0x00007ffc0f0c0000 - 0x00007ffc0f1ce000 	C:\WINDOWS\system32\KERNELBASE.dll
0x00007ffc0d0d0000 - 0x00007ffc0d15b000 	C:\WINDOWS\system32\apphelp.dll
0x00007ffc01990000 - 0x00007ffc019df000 	C:\WINDOWS\AppPatch\AppPatch64\AcGenral.DLL
0x00007ffc111c0000 - 0x00007ffc11267000 	C:\WINDOWS\system32\msvcrt.dll
0x00007ffc0ed30000 - 0x00007ffc0ed5b000 	C:\WINDOWS\SYSTEM32\SspiCli.dll
0x00007ffc114c0000 - 0x00007ffc11511000 	C:\WINDOWS\system32\SHLWAPI.dll
0x00007ffc11870000 - 0x00007ffc119e1000 	C:\WINDOWS\system32\USER32.dll
0x00007ffc10940000 - 0x00007ffc10ab6000 	C:\WINDOWS\system32\ole32.dll
0x00007ffc0f470000 - 0x00007ffc10880000 	C:\WINDOWS\system32\SHELL32.dll
0x00007ffc0e1a0000 - 0x00007ffc0e1bf000 	C:\WINDOWS\SYSTEM32\USERENV.dll
0x00007ffc11620000 - 0x00007ffc116c5000 	C:\WINDOWS\system32\ADVAPI32.dll
0x00007ffc01d10000 - 0x00007ffc01d2b000 	C:\WINDOWS\SYSTEM32\MPR.dll
0x00007ffc11730000 - 0x00007ffc11866000 	C:\WINDOWS\system32\RPCRT4.dll
0x00007ffc115c0000 - 0x00007ffc11617000 	C:\WINDOWS\SYSTEM32\sechost.dll
0x00007ffc10ac0000 - 0x00007ffc10c97000 	C:\WINDOWS\SYSTEM32\combase.dll
0x00007ffc11a10000 - 0x00007ffc11b55000 	C:\WINDOWS\system32\GDI32.dll
0x00007ffc0eef0000 - 0x00007ffc0ef04000 	C:\WINDOWS\SYSTEM32\profapi.dll
0x00007ffc0dce0000 - 0x00007ffc0dd81000 	C:\WINDOWS\SYSTEM32\SHCORE.dll
0x00007ffc11580000 - 0x00007ffc115b4000 	C:\WINDOWS\system32\IMM32.DLL
0x00007ffc11080000 - 0x00007ffc111b8000 	C:\WINDOWS\system32\MSCTF.dll
0x00007ffc0e9d0000 - 0x00007ffc0ec2a000 	C:\WINDOWS\WinSxS\amd64_microsoft.windows.common-controls_6595b64144ccf1df_6.0.9600.16384_none_62475f7becb72503\COMCTL32.dll
0x0000000064000000 - 0x00000000640d1000 	C:\Program Files\Java\jre7\bin\msvcr100.dll
0x00000000635c0000 - 0x0000000063cdf000 	C:\Program Files\Java\jre7\bin\server\jvm.dll
0x00007ffc06e20000 - 0x00007ffc06e29000 	C:\WINDOWS\SYSTEM32\WSOCK32.dll
0x00007ffc07cf0000 - 0x00007ffc07d0f000 	C:\WINDOWS\SYSTEM32\WINMM.dll
0x00007ffc10880000 - 0x00007ffc10887000 	C:\WINDOWS\system32\PSAPI.DLL
0x00007ffc116d0000 - 0x00007ffc11728000 	C:\WINDOWS\system32\WS2_32.dll
0x00007ffc076b0000 - 0x00007ffc076da000 	C:\WINDOWS\SYSTEM32\WINMMBASE.dll
0x00007ffc114b0000 - 0x00007ffc114b9000 	C:\WINDOWS\system32\NSI.dll
0x00007ffc0f070000 - 0x00007ffc0f0ba000 	C:\WINDOWS\SYSTEM32\cfgmgr32.dll
0x00007ffc0d330000 - 0x00007ffc0d356000 	C:\WINDOWS\SYSTEM32\DEVOBJ.dll
0x0000000063ff0000 - 0x0000000063fff000 	C:\Program Files\Java\jre7\bin\verify.dll
0x0000000063fc0000 - 0x0000000063fe8000 	C:\Program Files\Java\jre7\bin\java.dll
0x0000000063fa0000 - 0x0000000063fb5000 	C:\Program Files\Java\jre7\bin\zip.dll

VM Arguments:
jvm_args: -Dfile.encoding=Cp1252 -Xbootclasspath:C:\Program Files (x86)\Android\android-sdk\platforms\android-19\android.jar 
java_command: com.hci.loopdaloop.util.test
Launcher Type: SUN_STANDARD

Environment Variables:
CLASSPATH=.;.;C:\PROGRA~2\JMF21~1.1E\lib\sound.jar;C:\PROGRA~2\JMF21~1.1E\lib\jmf.jar;C:\PROGRA~2\JMF21~1.1E\lib;
PATH=C:\Program Files (x86)\Qucs\bin;C:\Python27\Lib\site-packages\PyQt4;C:\Program Files (x86)\NVIDIA Corporation\PhysX\Common;C:\Program Files (x86)\Intel\iCLS Client\;C:\Program Files\Intel\iCLS Client\;C:\windows\system32;C:\windows;C:\windows\System32\Wbem;C:\windows\System32\WindowsPowerShell\v1.0\;C:\Program Files\Intel\Intel(R) Management Engine Components\DAL;C:\Program Files\Intel\Intel(R) Management Engine Components\IPT;C:\Program Files (x86)\Intel\Intel(R) Management Engine Components\DAL;C:\Program Files (x86)\Intel\Intel(R) Management Engine Components\IPT;C:\Program Files (x86)\Intel\OpenCL SDK\2.0\bin\x86;C:\Program Files (x86)\Intel\OpenCL SDK\2.0\bin\x64;C:\Program Files\Diskeeper Corporation\ExpressCache\;C:\Program Files (x86)\MiKTeX 2.9\miktex\bin\;C:\Program Files\MATLAB\R2013a\bin;C:\Program Files (x86)\Java\jdk1.7.0_17\bin;C:\Program Files\Intel\WiFi\bin\;C:\Program Files\Common Files\Intel\WirelessCommon\;C:\Python27;C:\Python27\DLLs;C:\Python27\Scripts;C:\Python27\Lib\site-packages\vtk;C:\Python27\gnuplot\binary;C:\Program Files (x86)\pythonxy\SciTE-3.2.2-1;C:\Program Files (x86)\pythonxy\console;C:\MinGW32-xy\bin;C:\Program Files (x86)\Windows Kits\8.0\Windows Performance Toolkit\;C:\Program Files (x86)\Autodesk\Backburner\;C:\WINDOWS\system32;C:\WINDOWS;C:\WINDOWS\System32\Wbem;C:\WINDOWS\System32\WindowsPowerShell\v1.0\;C:\Program Files (x86)\Git\cmd;C:\Program Files (x86)\QuickTime\QTSystem\;C:\Users\Will\AppData\Local\Enthought\Canopy\User\Scripts;C:\Program Files\Intel\WiFi\bin\;C:\Program Files\Common Files\Intel\WirelessCommon"
USERNAME=Will
OS=Windows_NT
PROCESSOR_IDENTIFIER=Intel64 Family 6 Model 58 Stepping 9, GenuineIntel



---------------  S Y S T E M  ---------------

OS: Windows 8 , 64 bit Build 9200 

CPU:total 4 (2 cores per cpu, 2 threads per core) family 6 model 58 stepping 9, cmov, cx8, fxsr, mmx, sse, sse2, sse3, ssse3, sse4.1, sse4.2, popcnt, avx, ht, tsc, tscinvbit, tscinv

Memory: 4k page, physical 4049512k(1303156k free), swap 8112744k(3993120k free)

vm_info: Java HotSpot(TM) 64-Bit Server VM (23.7-b01) for windows-amd64 JRE (1.7.0_17-b02), built on Mar  1 2013 03:38:30 by "java_re" with unknown MS VC++:1600

time: Mon Apr 07 19:12:22 2014
elapsed time: 0 seconds

